TN:
SF:static/index.js
FN:4,(anonymous_0)
FN:34,createSecret
FN:85,updateHistoryUI
FN:94,(anonymous_3)
FN:100,(anonymous_4)
FN:103,(anonymous_5)
FN:111,(anonymous_6)
FN:131,(anonymous_7)
FN:132,(anonymous_8)
FN:138,(anonymous_9)
FN:144,(anonymous_10)
FN:150,(anonymous_11)
FN:152,(anonymous_12)
FN:162,(anonymous_13)
FN:163,(anonymous_14)
FN:172,(anonymous_15)
FN:174,(anonymous_16)
FN:177,animateFloatingButton
FN:180,(anonymous_18)
FN:186,scheduleNextAnimation
FN:188,(anonymous_20)
FNF:21
FNH:0
FNDA:0,(anonymous_0)
FNDA:0,createSecret
FNDA:0,updateHistoryUI
FNDA:0,(anonymous_3)
FNDA:0,(anonymous_4)
FNDA:0,(anonymous_5)
FNDA:0,(anonymous_6)
FNDA:0,(anonymous_7)
FNDA:0,(anonymous_8)
FNDA:0,(anonymous_9)
FNDA:0,(anonymous_10)
FNDA:0,(anonymous_11)
FNDA:0,(anonymous_12)
FNDA:0,(anonymous_13)
FNDA:0,(anonymous_14)
FNDA:0,(anonymous_15)
FNDA:0,(anonymous_16)
FNDA:0,animateFloatingButton
FNDA:0,(anonymous_18)
FNDA:0,scheduleNextAnimation
FNDA:0,(anonymous_20)
DA:4,0
DA:5,0
DA:6,0
DA:7,0
DA:8,0
DA:9,0
DA:10,0
DA:11,0
DA:12,0
DA:13,0
DA:14,0
DA:15,0
DA:17,0
DA:18,0
DA:19,0
DA:20,0
DA:21,0
DA:26,0
DA:28,0
DA:31,0
DA:32,0
DA:35,0
DA:36,0
DA:37,0
DA:38,0
DA:41,0
DA:42,0
DA:43,0
DA:45,0
DA:46,0
DA:52,0
DA:53,0
DA:55,0
DA:56,0
DA:58,0
DA:59,0
DA:60,0
DA:61,0
DA:62,0
DA:63,0
DA:65,0
DA:66,0
DA:67,0
DA:68,0
DA:69,0
DA:70,0
DA:72,0
DA:73,0
DA:74,0
DA:77,0
DA:78,0
DA:80,0
DA:81,0
DA:86,0
DA:87,0
DA:88,0
DA:89,0
DA:91,0
DA:92,0
DA:93,0
DA:94,0
DA:95,0
DA:97,0
DA:98,0
DA:99,0
DA:100,0
DA:101,0
DA:103,0
DA:104,0
DA:107,0
DA:109,0
DA:110,0
DA:111,0
DA:112,0
DA:113,0
DA:116,0
DA:129,0
DA:131,0
DA:132,0
DA:137,0
DA:138,0
DA:139,0
DA:140,0
DA:143,0
DA:144,0
DA:145,0
DA:146,0
DA:147,0
DA:150,0
DA:151,0
DA:152,0
DA:153,0
DA:154,0
DA:155,0
DA:161,0
DA:162,0
DA:163,0
DA:164,0
DA:165,0
DA:167,0
DA:171,0
DA:172,0
DA:173,0
DA:174,0
DA:178,0
DA:179,0
DA:180,0
DA:181,0
DA:187,0
DA:188,0
DA:189,0
DA:190,0
DA:194,0
DA:196,0
LF:114
LH:0
BRDA:20,0,0,0
BRDA:20,0,1,0
BRDA:28,1,0,0
BRDA:28,1,1,0
BRDA:28,1,2,0
BRDA:31,2,0,0
BRDA:31,2,1,0
BRDA:36,3,0,0
BRDA:36,3,1,0
BRDA:56,4,0,0
BRDA:56,4,1,0
BRDA:58,5,0,0
BRDA:58,5,1,0
BRDA:58,6,0,0
BRDA:58,6,1,0
BRDA:62,7,0,0
BRDA:62,7,1,0
BRDA:72,8,0,0
BRDA:72,8,1,0
BRDA:85,9,0,0
BRDA:86,10,0,0
BRDA:86,10,1,0
BRDA:107,11,0,0
BRDA:107,11,1,0
BRDA:107,12,0,0
BRDA:107,12,1,0
BRDA:137,13,0,0
BRDA:137,13,1,0
BRDA:143,14,0,0
BRDA:143,14,1,0
BRDA:146,15,0,0
BRDA:146,15,1,0
BRDA:147,16,0,0
BRDA:147,16,1,0
BRDA:150,17,0,0
BRDA:150,17,1,0
BRDA:151,18,0,0
BRDA:151,18,1,0
BRDA:153,19,0,0
BRDA:153,19,1,0
BRDA:155,20,0,0
BRDA:155,20,1,0
BRDA:161,21,0,0
BRDA:161,21,1,0
BRDA:161,22,0,0
BRDA:161,22,1,0
BRDA:164,23,0,0
BRDA:164,23,1,0
BRDA:174,24,0,0
BRDA:174,24,1,0
BRDA:178,25,0,0
BRDA:178,25,1,0
BRDA:178,26,0,0
BRDA:178,26,1,0
BRDA:196,27,0,0
BRDA:196,27,1,0
BRF:56
BRH:0
end_of_record
TN:
SF:static/utils.js
FN:10,copyToClipboard
FN:39,copyToClipboardFallback
FN:69,showManualCopyDialog
FN:95,(anonymous_3)
FN:102,(anonymous_4)
FN:109,(anonymous_5)
FN:122,showCopySuccess
FN:135,(anonymous_7)
FN:149,escapeHTML
FN:161,truncateLink
FN:179,formatDate
FNF:11
FNH:0
FNDA:0,copyToClipboard
FNDA:0,copyToClipboardFallback
FNDA:0,showManualCopyDialog
FNDA:0,(anonymous_3)
FNDA:0,(anonymous_4)
FNDA:0,(anonymous_5)
FNDA:0,showCopySuccess
FNDA:0,(anonymous_7)
FNDA:0,escapeHTML
FNDA:0,truncateLink
FNDA:0,formatDate
DA:11,0
DA:14,0
DA:15,0
DA:16,0
DA:17,0
DA:21,0
DA:22,0
DA:23,0
DA:27,0
DA:30,0
DA:40,0
DA:42,0
DA:43,0
DA:44,0
DA:45,0
DA:46,0
DA:47,0
DA:49,0
DA:50,0
DA:51,0
DA:52,0
DA:55,0
DA:56,0
DA:58,0
DA:61,0
DA:71,0
DA:72,0
DA:73,0
DA:77,0
DA:78,0
DA:79,0
DA:92,0
DA:95,0
DA:96,0
DA:97,0
DA:98,0
DA:102,0
DA:103,0
DA:104,0
DA:109,0
DA:110,0
DA:111,0
DA:112,0
DA:115,0
DA:123,0
DA:125,0
DA:127,0
DA:128,0
DA:131,0
DA:132,0
DA:133,0
DA:135,0
DA:136,0
DA:137,0
DA:138,0
DA:140,0
DA:150,0
DA:151,0
DA:152,0
DA:162,0
DA:163,0
DA:164,0
DA:165,0
DA:166,0
DA:167,0
DA:169,0
DA:180,0
DA:181,0
DA:182,0
DA:183,0
DA:184,0
DA:185,0
DA:186,0
DA:187,0
DA:188,0
DA:189,0
DA:190,0
DA:191,0
LF:78
LH:0
BRDA:14,0,0,0
BRDA:14,0,1,0
BRDA:14,1,0,0
BRDA:14,1,1,0
BRDA:21,2,0,0
BRDA:21,2,1,0
BRDA:72,3,0,0
BRDA:72,3,1,0
BRDA:103,4,0,0
BRDA:103,4,1,0
BRDA:110,5,0,0
BRDA:110,5,1,0
BRDA:123,6,0,0
BRDA:123,6,1,0
BRDA:137,7,0,0
BRDA:137,7,1,0
BRDA:162,8,0,0
BRDA:162,8,1,0
BRDA:165,9,0,0
BRDA:165,9,1,0
BRDA:166,10,0,0
BRDA:166,10,1,0
BRDA:167,11,0,0
BRDA:167,11,1,0
BRDA:184,12,0,0
BRDA:184,12,1,0
BRDA:186,13,0,0
BRDA:186,13,1,0
BRDA:186,14,0,0
BRDA:186,14,1,0
BRDA:188,15,0,0
BRDA:188,15,1,0
BRDA:188,16,0,0
BRDA:188,16,1,0
BRDA:190,17,0,0
BRDA:190,17,1,0
BRDA:190,18,0,0
BRDA:190,18,1,0
BRF:38
BRH:0
end_of_record
TN:
SF:static/view.js
FN:4,(anonymous_0)
FN:23,resetUI
FN:42,checkSecretExists
FN:82,(anonymous_3)
FN:97,fetchSecret
FN:151,showSecret
FN:186,showNotFound
FN:213,showError
FN:239,showHelpModal
FN:244,hideHelpModal
FN:265,(anonymous_10)
FN:273,(anonymous_11)
FNF:12
FNH:0
FNDA:0,(anonymous_0)
FNDA:0,resetUI
FNDA:0,checkSecretExists
FNDA:0,(anonymous_3)
FNDA:0,fetchSecret
FNDA:0,showSecret
FNDA:0,showNotFound
FNDA:0,showError
FNDA:0,showHelpModal
FNDA:0,hideHelpModal
FNDA:0,(anonymous_10)
FNDA:0,(anonymous_11)
DA:4,0
DA:6,0
DA:7,0
DA:10,0
DA:11,0
DA:12,0
DA:13,0
DA:14,0
DA:17,0
DA:18,0
DA:19,0
DA:20,0
DA:24,0
DA:25,0
DA:26,0
DA:27,0
DA:30,0
DA:31,0
DA:32,0
DA:36,0
DA:37,0
DA:38,0
DA:40,0
DA:43,0
DA:45,0
DA:48,0
DA:53,0
DA:61,0
DA:63,0
DA:65,0
DA:66,0
DA:69,0
DA:71,0
DA:72,0
DA:76,0
DA:77,0
DA:80,0
DA:81,0
DA:82,0
DA:83,0
DA:84,0
DA:85,0
DA:87,0
DA:92,0
DA:93,0
DA:98,0
DA:100,0
DA:103,0
DA:108,0
DA:115,0
DA:117,0
DA:118,0
DA:119,0
DA:122,0
DA:123,0
DA:124,0
DA:125,0
DA:127,0
DA:131,0
DA:133,0
DA:135,0
DA:136,0
DA:137,0
DA:138,0
DA:140,0
DA:143,0
DA:146,0
DA:152,0
DA:153,0
DA:154,0
DA:182,0
DA:187,0
DA:188,0
DA:189,0
DA:209,0
DA:214,0
DA:215,0
DA:216,0
DA:235,0
DA:240,0
DA:241,0
DA:245,0
DA:246,0
DA:250,0
DA:251,0
DA:255,0
DA:256,0
DA:259,0
DA:260,0
DA:264,0
DA:265,0
DA:266,0
DA:267,0
DA:273,0
DA:274,0
DA:275,0
LF:96
LH:0
BRDA:30,0,0,0
BRDA:30,0,1,0
BRDA:45,1,0,0
BRDA:45,1,1,0
BRDA:45,1,2,0
BRDA:48,2,0,0
BRDA:48,2,1,0
BRDA:63,3,0,0
BRDA:63,3,1,0
BRDA:69,4,0,0
BRDA:69,4,1,0
BRDA:81,5,0,0
BRDA:81,5,1,0
BRDA:100,6,0,0
BRDA:100,6,1,0
BRDA:100,6,2,0
BRDA:103,7,0,0
BRDA:103,7,1,0
BRDA:117,8,0,0
BRDA:117,8,1,0
BRDA:122,9,0,0
BRDA:122,9,1,0
BRDA:125,10,0,0
BRDA:125,10,1,0
BRDA:135,11,0,0
BRDA:135,11,1,0
BRDA:137,12,0,0
BRDA:137,12,1,0
BRDA:250,13,0,0
BRDA:250,13,1,0
BRDA:255,14,0,0
BRDA:255,14,1,0
BRDA:259,15,0,0
BRDA:259,15,1,0
BRDA:264,16,0,0
BRDA:264,16,1,0
BRDA:266,17,0,0
BRDA:266,17,1,0
BRDA:274,18,0,0
BRDA:274,18,1,0
BRDA:274,19,0,0
BRDA:274,19,1,0
BRF:42
BRH:0
end_of_record
TN:
SF:tests/utils-testable.js
FN:11,copyToClipboard
FN:40,copyToClipboardFallback
FN:70,showManualCopyDialog
FN:82,showCopySuccess
FN:95,(anonymous_4)
FN:109,escapeHTML
FN:120,truncateLink
FN:137,formatDate
FNF:8
FNH:8
FNDA:2,copyToClipboard
FNDA:4,copyToClipboardFallback
FNDA:4,showManualCopyDialog
FNDA:6,showCopySuccess
FNDA:1,(anonymous_4)
FNDA:10,escapeHTML
FNDA:12,truncateLink
FNDA:18,formatDate
DA:4,1
DA:12,2
DA:14,2
DA:15,2
DA:16,2
DA:17,0
DA:21,0
DA:22,0
DA:23,0
DA:27,0
DA:30,2
DA:31,2
DA:41,4
DA:43,4
DA:44,3
DA:45,3
DA:46,3
DA:47,3
DA:48,3
DA:50,3
DA:51,3
DA:52,3
DA:53,3
DA:56,3
DA:57,2
DA:59,2
DA:61,2
DA:62,2
DA:71,4
DA:83,6
DA:85,5
DA:87,5
DA:88,5
DA:91,3
DA:92,3
DA:93,3
DA:95,3
DA:96,1
DA:97,1
DA:98,0
DA:100,1
DA:110,10
DA:111,10
DA:112,10
DA:121,12
DA:122,4
DA:123,4
DA:124,3
DA:125,3
DA:126,3
DA:128,1
DA:138,18
DA:139,18
DA:140,18
DA:141,18
DA:142,18
DA:143,16
DA:144,16
DA:145,12
DA:146,12
DA:147,8
DA:148,8
DA:149,5
DA:153,1
DA:154,1
LF:65
LH:59
BRDA:4,0,0,1
BRDA:4,0,1,1
BRDA:14,1,0,2
BRDA:14,1,1,0
BRDA:14,2,0,2
BRDA:14,2,1,2
BRDA:21,3,0,0
BRDA:21,3,1,0
BRDA:83,4,0,1
BRDA:83,4,1,5
BRDA:97,5,0,1
BRDA:97,5,1,0
BRDA:121,6,0,8
BRDA:121,6,1,4
BRDA:124,7,0,1
BRDA:124,7,1,2
BRDA:125,8,0,1
BRDA:125,8,1,2
BRDA:126,9,0,3
BRDA:126,9,1,0
BRDA:142,10,0,2
BRDA:142,10,1,16
BRDA:144,11,0,4
BRDA:144,11,1,12
BRDA:144,12,0,2
BRDA:144,12,1,2
BRDA:146,13,0,4
BRDA:146,13,1,8
BRDA:146,14,0,2
BRDA:146,14,1,2
BRDA:148,15,0,3
BRDA:148,15,1,5
BRDA:148,16,0,2
BRDA:148,16,1,1
BRDA:153,17,0,1
BRDA:153,17,1,0
BRDA:153,18,0,1
BRDA:153,18,1,1
BRF:38
BRH:32
end_of_record
